# JRE version: OpenJDK Runtime Environment (8.0_152-b01) (build 1.8.0_152-release-915-b01)
# Java VM: OpenJDK 64-Bit Server VM (25.152-b01 mixed mode windows-amd64 compressed oops)
Heap:
 PSYoungGen      total 56832K, used 22660K [0x00000000e0000000, 0x00000000e3f00000, 0x0000000100000000)
  eden space 49152K, 35% used [0x00000000e0000000,0x00000000e111e950,0x00000000e3000000)
  from space 7680K, 66% used [0x00000000e3780000,0x00000000e3c82770,0x00000000e3f00000)
  to   space 7680K, 0% used [0x00000000e3000000,0x00000000e3000000,0x00000000e3780000)
 ParOldGen       total 60928K, used 9101K [0x00000000a0000000, 0x00000000a3b80000, 0x00000000e0000000)
  object space 60928K, 14% used [0x00000000a0000000,0x00000000a08e34d8,0x00000000a3b80000)
 Metaspace       used 26189K, capacity 26732K, committed 26880K, reserved 1073152K
  class space    used 3554K, capacity 3748K, committed 3840K, reserved 1048576K
GC Heap History (10 events):
Event: 1.750 GC heap before
{Heap before GC invocations=1 (full 0):
 PSYoungGen      total 56832K, used 49152K [0x00000000e0000000, 0x00000000e3f00000, 0x0000000100000000)
  eden space 49152K, 100% used [0x00000000e0000000,0x00000000e3000000,0x00000000e3000000)
  from space 7680K, 0% used [0x00000000e3780000,0x00000000e3780000,0x00000000e3f00000)
  to   space 7680K, 0% used [0x00000000e3000000,0x00000000e3000000,0x00000000e3780000)
 ParOldGen       total 130048K, used 0K [0x00000000a0000000, 0x00000000a7f00000, 0x00000000e0000000)
  object space 130048K, 0% used [0x00000000a0000000,0x00000000a0000000,0x00000000a7f00000)
 Metaspace       used 8430K, capacity 8670K, committed 8960K, reserved 1056768K
  class space    used 1078K, capacity 1197K, committed 1280K, reserved 1048576K
Event: 1.756 GC heap after
Heap after GC invocations=1 (full 0):
 PSYoungGen      total 56832K, used 5878K [0x00000000e0000000, 0x00000000e3f00000, 0x0000000100000000)
  eden space 49152K, 0% used [0x00000000e0000000,0x00000000e0000000,0x00000000e3000000)
  from space 7680K, 76% used [0x00000000e3000000,0x00000000e35bdb98,0x00000000e3780000)
  to   space 7680K, 0% used [0x00000000e3780000,0x00000000e3780000,0x00000000e3f00000)
 ParOldGen       total 130048K, used 16K [0x00000000a0000000, 0x00000000a7f00000, 0x00000000e0000000)
  object space 130048K, 0% used [0x00000000a0000000,0x00000000a0004000,0x00000000a7f00000)
 Metaspace       used 8430K, capacity 8670K, committed 8960K, reserved 1056768K
  class space    used 1078K, capacity 1197K, committed 1280K, reserved 1048576K
}
Event: 14.002 GC heap before
{Heap before GC invocations=2 (full 0):
 PSYoungGen      total 56832K, used 55030K [0x00000000e0000000, 0x00000000e3f00000, 0x0000000100000000)
  eden space 49152K, 100% used [0x00000000e0000000,0x00000000e3000000,0x00000000e3000000)
  from space 7680K, 76% used [0x00000000e3000000,0x00000000e35bdb98,0x00000000e3780000)
  to   space 7680K, 0% used [0x00000000e3780000,0x00000000e3780000,0x00000000e3f00000)
 ParOldGen       total 130048K, used 16K [0x00000000a0000000, 0x00000000a7f00000, 0x00000000e0000000)
  object space 130048K, 0% used [0x00000000a0000000,0x00000000a0004000,0x00000000a7f00000)
 Metaspace       used 15328K, capacity 15684K, committed 15872K, reserved 1062912K
  class space    used 2163K, capacity 2280K, committed 2304K, reserved 1048576K
Event: 14.012 GC heap after
Heap after GC invocations=2 (full 0):
 PSYoungGen      total 56832K, used 7675K [0x00000000e0000000, 0x00000000e3f00000, 0x0000000100000000)
  eden space 49152K, 0% used [0x00000000e0000000,0x00000000e0000000,0x00000000e3000000)
  from space 7680K, 99% used [0x00000000e3780000,0x00000000e3efefc8,0x00000000e3f00000)
  to   space 7680K, 0% used [0x00000000e3000000,0x00000000e3000000,0x00000000e3780000)
 ParOldGen       total 130048K, used 1605K [0x00000000a0000000, 0x00000000a7f00000, 0x00000000e0000000)
  object space 130048K, 1% used [0x00000000a0000000,0x00000000a0191788,0x00000000a7f00000)
 Metaspace       used 15328K, capacity 15684K, committed 15872K, reserved 1062912K
  class space    used 2163K, capacity 2280K, committed 2304K, reserved 1048576K
}
Event: 24.528 GC heap before
{Heap before GC invocations=3 (full 0):
 PSYoungGen      total 56832K, used 39533K [0x00000000e0000000, 0x00000000e3f00000, 0x0000000100000000)
  eden space 49152K, 64% used [0x00000000e0000000,0x00000000e1f1c5c0,0x00000000e3000000)
  from space 7680K, 99% used [0x00000000e3780000,0x00000000e3efefc8,0x00000000e3f00000)
  to   space 7680K, 0% used [0x00000000e3000000,0x00000000e3000000,0x00000000e3780000)
 ParOldGen       total 130048K, used 1605K [0x00000000a0000000, 0x00000000a7f00000, 0x00000000e0000000)
  object space 130048K, 1% used [0x00000000a0000000,0x00000000a0191788,0x00000000a7f00000)
 Metaspace       used 20726K, capacity 21112K, committed 21248K, reserved 1067008K
  class space    used 2868K, capacity 3035K, committed 3072K, reserved 1048576K
Event: 24.535 GC heap after
Heap after GC invocations=3 (full 0):
 PSYoungGen      total 56832K, used 7670K [0x00000000e0000000, 0x00000000e3f00000, 0x0000000100000000)
  eden space 49152K, 0% used [0x00000000e0000000,0x00000000e0000000,0x00000000e3000000)
  from space 7680K, 99% used [0x00000000e3000000,0x00000000e377d880,0x00000000e3780000)
  to   space 7680K, 0% used [0x00000000e3780000,0x00000000e3780000,0x00000000e3f00000)
 ParOldGen       total 130048K, used 3332K [0x00000000a0000000, 0x00000000a7f00000, 0x00000000e0000000)
  object space 130048K, 2% used [0x00000000a0000000,0x00000000a0341278,0x00000000a7f00000)
 Metaspace       used 20726K, capacity 21112K, committed 21248K, reserved 1067008K
  class space    used 2868K, capacity 3035K, committed 3072K, reserved 1048576K
}
Event: 24.535 GC heap before
{Heap before GC invocations=4 (full 1):
 PSYoungGen      total 56832K, used 7670K [0x00000000e0000000, 0x00000000e3f00000, 0x0000000100000000)
  eden space 49152K, 0% used [0x00000000e0000000,0x00000000e0000000,0x00000000e3000000)
  from space 7680K, 99% used [0x00000000e3000000,0x00000000e377d880,0x00000000e3780000)
  to   space 7680K, 0% used [0x00000000e3780000,0x00000000e3780000,0x00000000e3f00000)
 ParOldGen       total 130048K, used 3332K [0x00000000a0000000, 0x00000000a7f00000, 0x00000000e0000000)
  object space 130048K, 2% used [0x00000000a0000000,0x00000000a0341278,0x00000000a7f00000)
 Metaspace       used 20726K, capacity 21112K, committed 21248K, reserved 1067008K
  class space    used 2868K, capacity 3035K, committed 3072K, reserved 1048576K
Event: 24.675 GC heap after
Heap after GC invocations=4 (full 1):
 PSYoungGen      total 56832K, used 0K [0x00000000e0000000, 0x00000000e3f00000, 0x0000000100000000)
  eden space 49152K, 0% used [0x00000000e0000000,0x00000000e0000000,0x00000000e3000000)
  from space 7680K, 0% used [0x00000000e3000000,0x00000000e3000000,0x00000000e3780000)
  to   space 7680K, 0% used [0x00000000e3780000,0x00000000e3780000,0x00000000e3f00000)
 ParOldGen       total 60928K, used 9093K [0x00000000a0000000, 0x00000000a3b80000, 0x00000000e0000000)
  object space 60928K, 14% used [0x00000000a0000000,0x00000000a08e14d8,0x00000000a3b80000)
 Metaspace       used 20726K, capacity 21112K, committed 21248K, reserved 1067008K
  class space    used 2868K, capacity 3035K, committed 3072K, reserved 1048576K
}
Event: 32.504 GC heap before
{Heap before GC invocations=5 (full 1):
 PSYoungGen      total 56832K, used 49152K [0x00000000e0000000, 0x00000000e3f00000, 0x0000000100000000)
  eden space 49152K, 100% used [0x00000000e0000000,0x00000000e3000000,0x00000000e3000000)
  from space 7680K, 0% used [0x00000000e3000000,0x00000000e3000000,0x00000000e3780000)
  to   space 7680K, 0% used [0x00000000e3780000,0x00000000e3780000,0x00000000e3f00000)
 ParOldGen       total 60928K, used 9093K [0x00000000a0000000, 0x00000000a3b80000, 0x00000000e0000000)
  object space 60928K, 14% used [0x00000000a0000000,0x00000000a08e14d8,0x00000000a3b80000)
 Metaspace       used 24565K, capacity 24960K, committed 25088K, reserved 1071104K
  class space    used 3383K, capacity 3565K, committed 3584K, reserved 1048576K
Event: 32.507 GC heap after
Heap after GC invocations=5 (full 1):
 PSYoungGen      total 56832K, used 5129K [0x00000000e0000000, 0x00000000e3f00000, 0x0000000100000000)
  eden space 49152K, 0% used [0x00000000e0000000,0x00000000e0000000,0x00000000e3000000)
  from space 7680K, 66% used [0x00000000e3780000,0x00000000e3c82770,0x00000000e3f00000)
  to   space 7680K, 0% used [0x00000000e3000000,0x00000000e3000000,0x00000000e3780000)
 ParOldGen       total 60928K, used 9101K [0x00000000a0000000, 0x00000000a3b80000, 0x00000000e0000000)
  object space 60928K, 14% used [0x00000000a0000000,0x00000000a08e34d8,0x00000000a3b80000)
 Metaspace       used 24565K, capacity 24960K, committed 25088K, reserved 1071104K
  class space    used 3383K, capacity 3565K, committed 3584K, reserved 1048576K
}

