# JRE version: OpenJDK Runtime Environment (8.0_152-b01) (build 1.8.0_152-release-915-b01)
# Java VM: OpenJDK 64-Bit Server VM (25.152-b01 mixed mode windows-amd64 compressed oops)
Heap:
 PSYoungGen      total 362496K, used 361067K [0x00000000e0000000, 0x00000000fad00000, 0x0000000100000000)
  eden space 331776K, 99% used [0x00000000e0000000,0x00000000f43944b0,0x00000000f4400000)
  from space 30720K, 96% used [0x00000000f8f00000,0x00000000fac068c0,0x00000000fad00000)
  to   space 53760K, 54% used [0x00000000f4400000,0x00000000f606c288,0x00000000f7880000)
 ParOldGen       total 310784K, used 117173K [0x00000000a0000000, 0x00000000b2f80000, 0x00000000e0000000)
  object space 310784K, 37% used [0x00000000a0000000,0x00000000a726d588,0x00000000b2f80000)
 Metaspace       used 99567K, capacity 115694K, committed 115968K, reserved 1148928K
  class space    used 12631K, capacity 17125K, committed 17152K, reserved 1048576K
GC Heap History (10 events):
Event: 20859.732 GC heap after
Heap after GC invocations=106 (full 4):
 PSYoungGen      total 398848K, used 35349K [0x00000000e0000000, 0x00000000fc980000, 0x0000000100000000)
  eden space 363008K, 0% used [0x00000000e0000000,0x00000000e0000000,0x00000000f6280000)
  from space 35840K, 98% used [0x00000000fa680000,0x00000000fc905470,0x00000000fc980000)
  to   space 51712K, 0% used [0x00000000f6480000,0x00000000f6480000,0x00000000f9700000)
 ParOldGen       total 310784K, used 116079K [0x00000000a0000000, 0x00000000b2f80000, 0x00000000e0000000)
  object space 310784K, 37% used [0x00000000a0000000,0x00000000a715bdd8,0x00000000b2f80000)
 Metaspace       used 99236K, capacity 114990K, committed 115328K, reserved 1146880K
  class space    used 12573K, capacity 16925K, committed 17024K, reserved 1048576K
}
Event: 20871.329 GC heap before
{Heap before GC invocations=107 (full 4):
 PSYoungGen      total 398848K, used 398297K [0x00000000e0000000, 0x00000000fc980000, 0x0000000100000000)
  eden space 363008K, 99% used [0x00000000e0000000,0x00000000f62711d0,0x00000000f6280000)
  from space 35840K, 98% used [0x00000000fa680000,0x00000000fc905470,0x00000000fc980000)
  to   space 51712K, 0% used [0x00000000f6480000,0x00000000f6480000,0x00000000f9700000)
 ParOldGen       total 310784K, used 116079K [0x00000000a0000000, 0x00000000b2f80000, 0x00000000e0000000)
  object space 310784K, 37% used [0x00000000a0000000,0x00000000a715bdd8,0x00000000b2f80000)
 Metaspace       used 99336K, capacity 115162K, committed 115328K, reserved 1146880K
  class space    used 12585K, capacity 16965K, committed 17024K, reserved 1048576K
Event: 20871.354 GC heap after
Heap after GC invocations=107 (full 4):
 PSYoungGen      total 384000K, used 31244K [0x00000000e0000000, 0x00000000fbc00000, 0x0000000100000000)
  eden space 352256K, 0% used [0x00000000e0000000,0x00000000e0000000,0x00000000f5800000)
  from space 31744K, 98% used [0x00000000f6480000,0x00000000f83031d0,0x00000000f8380000)
  to   space 51200K, 0% used [0x00000000f8a00000,0x00000000f8a00000,0x00000000fbc00000)
 ParOldGen       total 310784K, used 116303K [0x00000000a0000000, 0x00000000b2f80000, 0x00000000e0000000)
  object space 310784K, 37% used [0x00000000a0000000,0x00000000a7193dd8,0x00000000b2f80000)
 Metaspace       used 99336K, capacity 115162K, committed 115328K, reserved 1146880K
  class space    used 12585K, capacity 16965K, committed 17024K, reserved 1048576K
}
Event: 21024.776 GC heap before
{Heap before GC invocations=108 (full 4):
 PSYoungGen      total 384000K, used 383500K [0x00000000e0000000, 0x00000000fbc00000, 0x0000000100000000)
  eden space 352256K, 100% used [0x00000000e0000000,0x00000000f5800000,0x00000000f5800000)
  from space 31744K, 98% used [0x00000000f6480000,0x00000000f83031d0,0x00000000f8380000)
  to   space 51200K, 0% used [0x00000000f8a00000,0x00000000f8a00000,0x00000000fbc00000)
 ParOldGen       total 310784K, used 116303K [0x00000000a0000000, 0x00000000b2f80000, 0x00000000e0000000)
  object space 310784K, 37% used [0x00000000a0000000,0x00000000a7193dd8,0x00000000b2f80000)
 Metaspace       used 99471K, capacity 115454K, committed 115712K, reserved 1148928K
  class space    used 12609K, capacity 17045K, committed 17152K, reserved 1048576K
Event: 21024.931 GC heap after
Heap after GC invocations=108 (full 4):
 PSYoungGen      total 393216K, used 47953K [0x00000000e0000000, 0x00000000fbd00000, 0x0000000100000000)
  eden space 342016K, 0% used [0x00000000e0000000,0x00000000e0000000,0x00000000f4e00000)
  from space 51200K, 93% used [0x00000000f8a00000,0x00000000fb8d4740,0x00000000fbc00000)
  to   space 56832K, 0% used [0x00000000f4e00000,0x00000000f4e00000,0x00000000f8580000)
 ParOldGen       total 310784K, used 116506K [0x00000000a0000000, 0x00000000b2f80000, 0x00000000e0000000)
  object space 310784K, 37% used [0x00000000a0000000,0x00000000a71c6bb0,0x00000000b2f80000)
 Metaspace       used 99471K, capacity 115454K, committed 115712K, reserved 1148928K
  class space    used 12609K, capacity 17045K, committed 17152K, reserved 1048576K
}
Event: 21039.661 GC heap before
{Heap before GC invocations=109 (full 4):
 PSYoungGen      total 393216K, used 389969K [0x00000000e0000000, 0x00000000fbd00000, 0x0000000100000000)
  eden space 342016K, 100% used [0x00000000e0000000,0x00000000f4e00000,0x00000000f4e00000)
  from space 51200K, 93% used [0x00000000f8a00000,0x00000000fb8d4740,0x00000000fbc00000)
  to   space 56832K, 0% used [0x00000000f4e00000,0x00000000f4e00000,0x00000000f8580000)
 ParOldGen       total 310784K, used 116506K [0x00000000a0000000, 0x00000000b2f80000, 0x00000000e0000000)
  object space 310784K, 37% used [0x00000000a0000000,0x00000000a71c6bb0,0x00000000b2f80000)
 Metaspace       used 99473K, capacity 115454K, committed 115712K, reserved 1148928K
  class space    used 12609K, capacity 17045K, committed 17152K, reserved 1048576K
Event: 21039.799 GC heap after
Heap after GC invocations=109 (full 4):
 PSYoungGen      total 398848K, used 32983K [0x00000000e0000000, 0x00000000fc600000, 0x0000000100000000)
  eden space 342016K, 0% used [0x00000000e0000000,0x00000000e0000000,0x00000000f4e00000)
  from space 56832K, 58% used [0x00000000f4e00000,0x00000000f6e35fe8,0x00000000f8580000)
  to   space 56320K, 0% used [0x00000000f8f00000,0x00000000f8f00000,0x00000000fc600000)
 ParOldGen       total 310784K, used 116809K [0x00000000a0000000, 0x00000000b2f80000, 0x00000000e0000000)
  object space 310784K, 37% used [0x00000000a0000000,0x00000000a7212758,0x00000000b2f80000)
 Metaspace       used 99473K, capacity 115454K, committed 115712K, reserved 1148928K
  class space    used 12609K, capacity 17045K, committed 17152K, reserved 1048576K
}
Event: 21112.317 GC heap before
{Heap before GC invocations=110 (full 4):
 PSYoungGen      total 398848K, used 374999K [0x00000000e0000000, 0x00000000fc600000, 0x0000000100000000)
  eden space 342016K, 100% used [0x00000000e0000000,0x00000000f4e00000,0x00000000f4e00000)
  from space 56832K, 58% used [0x00000000f4e00000,0x00000000f6e35fe8,0x00000000f8580000)
  to   space 56320K, 0% used [0x00000000f8f00000,0x00000000f8f00000,0x00000000fc600000)
 ParOldGen       total 310784K, used 116809K [0x00000000a0000000, 0x00000000b2f80000, 0x00000000e0000000)
  object space 310784K, 37% used [0x00000000a0000000,0x00000000a7212758,0x00000000b2f80000)
 Metaspace       used 99517K, capacity 115574K, committed 115712K, reserved 1148928K
  class space    used 12620K, capacity 17085K, committed 17152K, reserved 1048576K
Event: 21112.393 GC heap after
Heap after GC invocations=110 (full 4):
 PSYoungGen      total 362496K, used 29722K [0x00000000e0000000, 0x00000000fad00000, 0x0000000100000000)
  eden space 331776K, 0% used [0x00000000e0000000,0x00000000e0000000,0x00000000f4400000)
  from space 30720K, 96% used [0x00000000f8f00000,0x00000000fac068c0,0x00000000fad00000)
  to   space 53760K, 0% used [0x00000000f4400000,0x00000000f4400000,0x00000000f7880000)
 ParOldGen       total 310784K, used 116989K [0x00000000a0000000, 0x00000000b2f80000, 0x00000000e0000000)
  object space 310784K, 37% used [0x00000000a0000000,0x00000000a723f530,0x00000000b2f80000)
 Metaspace       used 99517K, capacity 115574K, committed 115712K, reserved 1148928K
  class space    used 12620K, capacity 17085K, committed 17152K, reserved 1048576K
}
Event: 21202.334 GC heap before
{Heap before GC invocations=111 (full 4):
 PSYoungGen      total 362496K, used 361067K [0x00000000e0000000, 0x00000000fad00000, 0x0000000100000000)
  eden space 331776K, 99% used [0x00000000e0000000,0x00000000f43944b0,0x00000000f4400000)
  from space 30720K, 96% used [0x00000000f8f00000,0x00000000fac068c0,0x00000000fad00000)
  to   space 53760K, 0% used [0x00000000f4400000,0x00000000f4400000,0x00000000f7880000)
 ParOldGen       total 310784K, used 116989K [0x00000000a0000000, 0x00000000b2f80000, 0x00000000e0000000)
  object space 310784K, 37% used [0x00000000a0000000,0x00000000a723f530,0x00000000b2f80000)
 Metaspace       used 99567K, capacity 115694K, committed 115968K, reserved 1148928K
  class space    used 12631K, capacity 17125K, committed 17152K, reserved 1048576K

