# JRE version: OpenJDK Runtime Environment (8.0_152-b01) (build 1.8.0_152-release-915-b01)
# Java VM: OpenJDK 64-Bit Server VM (25.152-b01 mixed mode windows-amd64 compressed oops)
Heap:
 PSYoungGen      total 284160K, used 199950K [0x00000000e0000000, 0x00000000fad80000, 0x0000000100000000)
  eden space 143872K, 100% used [0x00000000e0000000,0x00000000e8c80000,0x00000000e8c80000)
  from space 140288K, 39% used [0x00000000e8c80000,0x00000000ec343a18,0x00000000f1580000)
  to   space 133632K, 50% used [0x00000000f2b00000,0x00000000f6d39af8,0x00000000fad80000)
 ParOldGen       total 286720K, used 198264K [0x00000000a0000000, 0x00000000b1800000, 0x00000000e0000000)
  object space 286720K, 69% used [0x00000000a0000000,0x00000000ac19e0d8,0x00000000b1800000)
 Metaspace       used 93609K, capacity 106006K, committed 106112K, reserved 1140736K
  class space    used 11752K, capacity 14965K, committed 14976K, reserved 1048576K
GC Heap History (10 events):
Event: 13006.174 GC heap after
Heap after GC invocations=90 (full 5):
 PSYoungGen      total 254976K, used 84323K [0x00000000e0000000, 0x00000000f8200000, 0x0000000100000000)
  eden space 123904K, 0% used [0x00000000e0000000,0x00000000e0000000,0x00000000e7900000)
  from space 131072K, 64% used [0x00000000e7c00000,0x00000000ece58f40,0x00000000efc00000)
  to   space 135680K, 0% used [0x00000000efd80000,0x00000000efd80000,0x00000000f8200000)
 ParOldGen       total 286720K, used 164765K [0x00000000a0000000, 0x00000000b1800000, 0x00000000e0000000)
  object space 286720K, 57% used [0x00000000a0000000,0x00000000aa0e75d0,0x00000000b1800000)
 Metaspace       used 93131K, capacity 105362K, committed 105600K, reserved 1140736K
  class space    used 11697K, capacity 14853K, committed 14976K, reserved 1048576K
}
Event: 13008.004 GC heap before
{Heap before GC invocations=91 (full 5):
 PSYoungGen      total 254976K, used 208227K [0x00000000e0000000, 0x00000000f8200000, 0x0000000100000000)
  eden space 123904K, 100% used [0x00000000e0000000,0x00000000e7900000,0x00000000e7900000)
  from space 131072K, 64% used [0x00000000e7c00000,0x00000000ece58f40,0x00000000efc00000)
  to   space 135680K, 0% used [0x00000000efd80000,0x00000000efd80000,0x00000000f8200000)
 ParOldGen       total 286720K, used 164765K [0x00000000a0000000, 0x00000000b1800000, 0x00000000e0000000)
  object space 286720K, 57% used [0x00000000a0000000,0x00000000aa0e75d0,0x00000000b1800000)
 Metaspace       used 93226K, capacity 105534K, committed 105856K, reserved 1140736K
  class space    used 11710K, capacity 14893K, committed 14976K, reserved 1048576K
Event: 13008.038 GC heap after
Heap after GC invocations=91 (full 5):
 PSYoungGen      total 256000K, used 85082K [0x00000000e0000000, 0x00000000f8600000, 0x0000000100000000)
  eden space 120320K, 0% used [0x00000000e0000000,0x00000000e0000000,0x00000000e7580000)
  from space 135680K, 62% used [0x00000000efd80000,0x00000000f5096aa0,0x00000000f8200000)
  to   space 139264K, 0% used [0x00000000e7580000,0x00000000e7580000,0x00000000efd80000)
 ParOldGen       total 286720K, used 164925K [0x00000000a0000000, 0x00000000b1800000, 0x00000000e0000000)
  object space 286720K, 57% used [0x00000000a0000000,0x00000000aa10f5d0,0x00000000b1800000)
 Metaspace       used 93226K, capacity 105534K, committed 105856K, reserved 1140736K
  class space    used 11710K, capacity 14893K, committed 14976K, reserved 1048576K
}
Event: 13008.062 GC heap before
{Heap before GC invocations=92 (full 5):
 PSYoungGen      total 256000K, used 205247K [0x00000000e0000000, 0x00000000f8600000, 0x0000000100000000)
  eden space 120320K, 99% used [0x00000000e0000000,0x00000000e7559518,0x00000000e7580000)
  from space 135680K, 62% used [0x00000000efd80000,0x00000000f5096aa0,0x00000000f8200000)
  to   space 139264K, 0% used [0x00000000e7580000,0x00000000e7580000,0x00000000efd80000)
 ParOldGen       total 286720K, used 164925K [0x00000000a0000000, 0x00000000b1800000, 0x00000000e0000000)
  object space 286720K, 57% used [0x00000000a0000000,0x00000000aa10f5d0,0x00000000b1800000)
 Metaspace       used 93226K, capacity 105534K, committed 105856K, reserved 1140736K
  class space    used 11710K, capacity 14893K, committed 14976K, reserved 1048576K
Event: 13008.098 GC heap after
Heap after GC invocations=92 (full 5):
 PSYoungGen      total 259584K, used 82284K [0x00000000e0000000, 0x00000000f9e80000, 0x0000000100000000)
  eden space 120320K, 0% used [0x00000000e0000000,0x00000000e0000000,0x00000000e7580000)
  from space 139264K, 59% used [0x00000000e7580000,0x00000000ec5db390,0x00000000efd80000)
  to   space 140288K, 0% used [0x00000000f1580000,0x00000000f1580000,0x00000000f9e80000)
 ParOldGen       total 286720K, used 167499K [0x00000000a0000000, 0x00000000b1800000, 0x00000000e0000000)
  object space 286720K, 58% used [0x00000000a0000000,0x00000000aa392e40,0x00000000b1800000)
 Metaspace       used 93226K, capacity 105534K, committed 105856K, reserved 1140736K
  class space    used 11710K, capacity 14893K, committed 14976K, reserved 1048576K
}
Event: 13008.114 GC heap before
{Heap before GC invocations=93 (full 5):
 PSYoungGen      total 259584K, used 201816K [0x00000000e0000000, 0x00000000f9e80000, 0x0000000100000000)
  eden space 120320K, 99% used [0x00000000e0000000,0x00000000e74bad88,0x00000000e7580000)
  from space 139264K, 59% used [0x00000000e7580000,0x00000000ec5db390,0x00000000efd80000)
  to   space 140288K, 0% used [0x00000000f1580000,0x00000000f1580000,0x00000000f9e80000)
 ParOldGen       total 286720K, used 167499K [0x00000000a0000000, 0x00000000b1800000, 0x00000000e0000000)
  object space 286720K, 58% used [0x00000000a0000000,0x00000000aa392e40,0x00000000b1800000)
 Metaspace       used 93226K, capacity 105534K, committed 105856K, reserved 1140736K
  class space    used 11710K, capacity 14893K, committed 14976K, reserved 1048576K
Event: 13008.146 GC heap after
Heap after GC invocations=93 (full 5):
 PSYoungGen      total 284160K, used 81336K [0x00000000e0000000, 0x00000000f9f00000, 0x0000000100000000)
  eden space 143872K, 0% used [0x00000000e0000000,0x00000000e0000000,0x00000000e8c80000)
  from space 140288K, 57% used [0x00000000f1580000,0x00000000f64ee030,0x00000000f9e80000)
  to   space 140288K, 0% used [0x00000000e8c80000,0x00000000e8c80000,0x00000000f1580000)
 ParOldGen       total 286720K, used 167855K [0x00000000a0000000, 0x00000000b1800000, 0x00000000e0000000)
  object space 286720K, 58% used [0x00000000a0000000,0x00000000aa3ebc38,0x00000000b1800000)
 Metaspace       used 93226K, capacity 105534K, committed 105856K, reserved 1140736K
  class space    used 11710K, capacity 14893K, committed 14976K, reserved 1048576K
}
Event: 13011.751 GC heap before
{Heap before GC invocations=94 (full 5):
 PSYoungGen      total 284160K, used 225208K [0x00000000e0000000, 0x00000000f9f00000, 0x0000000100000000)
  eden space 143872K, 100% used [0x00000000e0000000,0x00000000e8c80000,0x00000000e8c80000)
  from space 140288K, 57% used [0x00000000f1580000,0x00000000f64ee030,0x00000000f9e80000)
  to   space 140288K, 0% used [0x00000000e8c80000,0x00000000e8c80000,0x00000000f1580000)
 ParOldGen       total 286720K, used 167855K [0x00000000a0000000, 0x00000000b1800000, 0x00000000e0000000)
  object space 286720K, 58% used [0x00000000a0000000,0x00000000aa3ebc38,0x00000000b1800000)
 Metaspace       used 93312K, capacity 105684K, committed 105856K, reserved 1140736K
  class space    used 11716K, capacity 14899K, committed 14976K, reserved 1048576K
Event: 13011.795 GC heap after
Heap after GC invocations=94 (full 5):
 PSYoungGen      total 284160K, used 56078K [0x00000000e0000000, 0x00000000fad80000, 0x0000000100000000)
  eden space 143872K, 0% used [0x00000000e0000000,0x00000000e0000000,0x00000000e8c80000)
  from space 140288K, 39% used [0x00000000e8c80000,0x00000000ec343a18,0x00000000f1580000)
  to   space 133632K, 0% used [0x00000000f2b00000,0x00000000f2b00000,0x00000000fad80000)
 ParOldGen       total 286720K, used 196105K [0x00000000a0000000, 0x00000000b1800000, 0x00000000e0000000)
  object space 286720K, 68% used [0x00000000a0000000,0x00000000abf825e8,0x00000000b1800000)
 Metaspace       used 93312K, capacity 105684K, committed 105856K, reserved 1140736K
  class space    used 11716K, capacity 14899K, committed 14976K, reserved 1048576K
}
Event: 13014.479 GC heap before
{Heap before GC invocations=95 (full 5):
 PSYoungGen      total 284160K, used 199950K [0x00000000e0000000, 0x00000000fad80000, 0x0000000100000000)
  eden space 143872K, 100% used [0x00000000e0000000,0x00000000e8c80000,0x00000000e8c80000)
  from space 140288K, 39% used [0x00000000e8c80000,0x00000000ec343a18,0x00000000f1580000)
  to   space 133632K, 0% used [0x00000000f2b00000,0x00000000f2b00000,0x00000000fad80000)
 ParOldGen       total 286720K, used 196105K [0x00000000a0000000, 0x00000000b1800000, 0x00000000e0000000)
  object space 286720K, 68% used [0x00000000a0000000,0x00000000abf825e8,0x00000000b1800000)
 Metaspace       used 93609K, capacity 106006K, committed 106112K, reserved 1140736K
  class space    used 11752K, capacity 14965K, committed 14976K, reserved 1048576K

